"../../../Engine/Content/Functions/Engine_MaterialFunctions01/Opacity/CameraDepthFade.uasset" 0
"../../../Engine/Content/EngineMaterials/T_Default_Material_Grid_M.uasset" 1
"../../../Engine/Content/EngineMaterials/T_Default_Material_Grid_N.uasset" 2
"../../../Engine/Content/EngineMaterials/DefaultMaterial.uasset" 3
"../../../Engine/Content/BasicShapes/Cone.uasset" 4
"../../../Engine/Content/EngineMaterials/WorldGridMaterial.uasset" 5
"../../../Engine/Content/BasicShapes/Cube.uasset" 6
"../../../Engine/Content/BasicShapes/Cylinder.uasset" 7
"../../../Engine/Content/BasicShapes/Plane.uasset" 8
"../../../Engine/Content/BasicShapes/Sphere.uasset" 9
"../../../Engine/Content/EditorLandscapeResources/DataLayer.uasset" 10
"../../../Engine/Content/EditorMaterials/GizmoMaterial.uasset" 11
"../../../Engine/Content/EditorMaterials/MAT_Groups_Toggle.uasset" 12
"../../../Engine/Content/EditorMaterials/MAT_Groups_Visibility.uasset" 13
"../../../Engine/Content/EditorMaterials/PreviewShadowIndicator.uasset" 14
"../../../Engine/Content/EditorMaterials/PreviewShadowIndicatorMaterial.uasset" 15
"../../../Engine/Content/EditorMaterials/AssetViewer/EpicQuadPanorama_CC+EV1.uasset" 16
"../../../Engine/Content/EditorMaterials/MatineeGroups/MAT_ColorTrack.uasset" 17
"../../../Engine/Content/EditorMaterials/MatineeGroups/MAT_Groups_Anim.uasset" 18
"../../../Engine/Content/EditorMaterials/MatineeGroups/MAT_Groups_AudioMaster.uasset" 19
"../../../Engine/Content/EditorMaterials/MatineeGroups/MAT_Groups_Director.uasset" 20
"../../../Engine/Content/EditorMaterials/MatineeGroups/MAT_Groups_Event.uasset" 21
"../../../Engine/Content/EditorMaterials/MatineeGroups/MAT_Groups_Fade.uasset" 22
"../../../Engine/Content/EditorMaterials/MatineeGroups/MAT_Groups_Float.uasset" 23
"../../../Engine/Content/EditorMaterials/MatineeGroups/MAT_Groups_Move.uasset" 24
"../../../Engine/Content/EditorMaterials/MatineeGroups/MAT_Groups_Slomo.uasset" 25
"../../../Engine/Content/EditorMaterials/MatineeGroups/MAT_Groups_Sound.uasset" 26
"../../../Engine/Content/EditorMaterials/MatineeGroups/MAT_Groups_Vector.uasset" 27
"../../../Engine/Content/EditorMaterials/ParticleSystems/PSysThumbnail_NoImage.uasset" 28
"../../../Engine/Content/EditorMaterials/ParticleSystems/PSysThumbnail_OOD.uasset" 29
"../../../Engine/Content/EditorMaterials/Camera/CineMat.uasset" 30
"../../../Engine/Content/EditorMaterials/Camera/MI_CineMat_Rig.uasset" 31
"../../../Engine/Content/EditorMeshes/Camera/SM_CraneRig_Arm.uasset" 32
"../../../Engine/Content/EditorMeshes/Camera/SM_CraneRig_Base.uasset" 33
"../../../Engine/Content/EditorMeshes/Camera/SM_CraneRig_Body.uasset" 34
"../../../Engine/Content/EditorMeshes/Camera/SM_CraneRig_Mount.uasset" 35
"../../../Engine/Content/EditorMeshes/Camera/SM_RailRig_Mount.uasset" 36
"../../../Engine/Content/EditorMeshes/Camera/SM_RailRig_Track.uasset" 37
"../../../Engine/Content/EditorMeshes/ColorCalibrator/M_ChromeBall.uasset" 38
"../../../Engine/Content/EditorMeshes/ColorCalibrator/M_ClearCoat.uasset" 39
"../../../Engine/Content/EditorMeshes/ColorCalibrator/M_ClearCoatBlack.uasset" 40
"../../../Engine/Content/EditorMeshes/ColorCalibrator/T_ColorGrid.uasset" 41
"../../../Engine/Content/EditorMeshes/ColorCalibrator/M_ColorGrid.uasset" 42
"../../../Engine/Content/EditorMeshes/ColorCalibrator/M_GreyBall.uasset" 43
"../../../Engine/Content/EditorMeshes/ColorCalibrator/SM_ColorCalibrator.uasset" 44
"../../../Engine/Content/EditorResources/BSPVertex.uasset" 45
"../../../Engine/Content/EditorResources/EmptyActor.uasset" 46
"../../../Engine/Content/EditorResources/RGBTable16x1_AssetViewer.uasset" 47
"../../../Engine/Content/EditorResources/S_Actor.uasset" 48
"../../../Engine/Content/EditorResources/S_Trigger.uasset" 49
"../../../Engine/Content/EditorResources/SequenceRecorder/Countdown.uasset" 50
"../../../Engine/Content/EditorResources/SequenceRecorder/RecordingIndicator.uasset" 51
"../../../Engine/Content/EditorSounds/Notifications/CompileFailed.uasset" 52
"../../../Engine/Content/EditorSounds/Notifications/CompileFailed_Cue.uasset" 53
"../../../Engine/Content/EditorSounds/Notifications/CompileSuccess.uasset" 54
"../../../Engine/Content/EditorSounds/Notifications/CompileStart_Cue.uasset" 55
"../../../Engine/Content/EditorSounds/Notifications/CompileSuccess_Cue.uasset" 56
"../../../Engine/Content/EngineDamageTypes/DmgTypeBP_Environmental.uasset" 57
"../../../Engine/Content/EngineDebugMaterials/HeatmapGradient.uasset" 58
"../../../Engine/Content/EngineDebugMaterials/BoneWeightMaterial.uasset" 59
"../../../Engine/Content/EngineDebugMaterials/DebugMeshMaterial.uasset" 60
"../../../Engine/Content/EngineDebugMaterials/GeomMaterial.uasset" 61
"../../../Engine/Content/EngineFonts/Faces/RobotoBold.uasset" 62
"../../../Engine/Content/EngineFonts/Faces/RobotoBoldItalic.uasset" 63
"../../../Engine/Content/EngineFonts/Faces/RobotoItalic.uasset" 64
"../../../Engine/Content/EngineFonts/Faces/RobotoLight.uasset" 65
"../../../Engine/Content/EngineFonts/Faces/RobotoRegular.uasset" 66
"../../../Engine/Content/EngineFonts/Roboto.uasset" 67
"../../../Engine/Content/EngineFonts/Faces/RobotoTiny.uasset" 68
"../../../Engine/Content/EngineFonts/RobotoTiny.uasset" 69
"../../../Engine/Content/EngineMaterials/DefaultBokeh.uasset" 70
"../../../Engine/Content/EngineMaterials/DefaultDiffuse.uasset" 71
"../../../Engine/Content/EngineMaterials/DefaultDeferredDecalMaterial.uasset" 72
"../../../Engine/Content/EngineMaterials/DefaultLightFunctionMaterial.uasset" 73
"../../../Engine/Content/Functions/Engine_MaterialFunctions02/Utility/BreakOutFloat2Components.uasset" 74
"../../../Engine/Content/EngineMaterials/DefaultPostProcessMaterial.uasset" 75
"../../../Engine/Content/EngineFonts/RobotoDistanceField.uasset" 76
"../../../Engine/Content/EngineMaterials/DefaultTextMaterialOpaque.uasset" 77
"../../../Engine/Content/EngineMaterials/DefaultWhiteGrid.uasset" 78
"../../../Engine/Content/EngineMaterials/EditorBrushMaterial.uasset" 79
"../../../Engine/Content/EngineMaterials/MiniFont.uasset" 80
"../../../Engine/Content/EngineMaterials/InvalidLightmapSettings.uasset" 81
"../../../Engine/Content/EngineMaterials/M_InvalidLightmapSettings.uasset" 82
"../../../Engine/Content/EngineMaterials/PhAT_JointLimitMaterial.uasset" 83
"../../../Engine/Content/EngineMaterials/PreintegratedSkinBRDF.uasset" 84
"../../../Engine/Content/EngineMaterials/RemoveSurfaceMaterial.uasset" 85
"../../../Engine/Content/EngineMaterials/WeightMapPlaceholderTexture.uasset" 86
"../../../Engine/Content/EngineResources/WhiteSquareTexture.uasset" 87
"../../../Engine/Content/EngineMaterials/Widget3DPassThrough.uasset" 88
"../../../Engine/Content/EngineMaterials/Widget3DPassThrough_Masked.uasset" 89
"../../../Engine/Content/EngineMaterials/Widget3DPassThrough_Opaque.uasset" 90
"../../../Engine/Content/EngineMaterials/Widget3DPassThrough_Masked_OneSided.uasset" 91
"../../../Engine/Content/EngineMaterials/Widget3DPassThrough_Opaque_OneSided.uasset" 92
"../../../Engine/Content/EngineMaterials/Widget3DPassThrough_Translucent.uasset" 93
"../../../Engine/Content/EngineMaterials/Widget3DPassThrough_Translucent_OneSided.uasset" 94
"../../../Engine/Content/EngineMeshes/Cube.uasset" 95
"../../../Engine/Content/EngineMeshes/Cylinder.uasset" 96
"../../../Engine/Content/EngineMeshes/Sphere.uasset" 97
"../../../Engine/Content/EngineResources/Black.uasset" 98
"../../../Engine/Content/EngineResources/DefaultTexture.uasset" 99
"../../../Engine/Content/EngineResources/DefaultTextureCube.uasset" 100
"../../../Engine/Content/EngineResources/GradientTexture0.uasset" 101
"../../../Engine/Content/EngineSounds/Master.uasset" 102
"../../../Engine/Content/Functions/Engine_MaterialFunctions01/Shading/ConvertFromDiffSpec.uasset" 103
"../../../Engine/Content/Functions/Engine_MaterialFunctions01/Shading/PowerToRoughness.uasset" 104
"../../../Engine/Content/Maps/Templates/Thumbnails/Default.uasset" 105
"../../../Engine/Content/Maps/Templates/Thumbnails/VR-Basic.uasset" 106
"../../../Engine/Content/MobileResources/T_MobileControls_texture.uasset" 107
"../../../Engine/Content/MobileResources/T_MobileMenu2.uasset" 108
"../../../Engine/Content/MobileResources/HUD/AnalogHat.uasset" 109
"../../../Engine/Content/MobileResources/HUD/VirtualJoystick_Background.uasset" 110
"../../../Engine/Content/MobileResources/HUD/VirtualJoystick_Thumb.uasset" 111
"../../../Engine/Content/MobileResources/HUD/DefaultVirtualJoysticks.uasset" 112
"../../../Engine/Content/MobileResources/HUD/LeftVirtualJoystickOnly.uasset" 113
"../../../Engine/Content/MobileResources/HUD/MobileHUDButton1_off.uasset" 114
"../../../Engine/Content/MobileResources/HUD/MobileHUDButton1_on.uasset" 115
"../../../Engine/Content/MobileResources/HUD/MobileHUDButton2_off.uasset" 116
"../../../Engine/Content/MobileResources/HUD/MobileHUDButton2_on.uasset" 117
"../../../Engine/Content/MobileResources/HUD/MobileHUDButton3.uasset" 118
"../../../Engine/Content/MobileResources/HUD/MobileHUDButtonFire.uasset" 119
"../../../Engine/Content/MobileResources/HUD/MobileHUDDirectionPad.uasset" 120
"../../../Engine/Content/MobileResources/HUD/MobileHUDDirectionPad2.uasset" 121
"../../../Engine/Content/MobileResources/HUD/MobileHUDDirectionPad3.uasset" 122
"../../../Engine/Content/MobileResources/HUD/MobileHUDDirectionStick.uasset" 123
"../../../Engine/Content/MobileResources/HUD/T_Castle_ThumbstickInner.uasset" 124
"../../../Engine/Content/MobileResources/HUD/T_Castle_ThumbstickOutter.uasset" 125
"../../../Engine/Content/Tutorial/ContentIntroCurve.uasset" 126
"../../../Engine/Content/Tutorial/Basics/TutorialAssets/icon_tab_Levels_40x.uasset" 127
"../../../Engine/Content/Tutorial/BlueprintTutorials/TutorialAssets/BlueprintInterface_64x.uasset" 128
"../../../Engine/Content/Tutorial/BlueprintTutorials/TutorialAssets/BlueprintMacroLibrary_64x.uasset" 129
"../../../Engine/Content/Tutorial/BlueprintTutorials/TutorialAssets/Blueprint_64x.uasset" 130
"../../../Engine/Content/Tutorial/BlueprintTutorials/TutorialAssets/Tutorial_BP_Interface.uasset" 131
"../../../Engine/Content/Tutorial/Foliage/TutorialAssets/Foliage.uasset" 132
"../../../Engine/Content/Tutorial/Landscape/TutorialAssets/Landscape.uasset" 133
"../../../Engine/Content/Tutorial/Paper2D/TutorialAssets/Paper2DFlipbook_TutorialIcon.uasset" 134
"../../../Engine/Content/Tutorial/Paper2D/TutorialAssets/Paper2DSprite_TutorialIcon.uasset" 135
"../../../Engine/Content/Tutorial/SubEditors/TutorialAssets/icon_Editor_Preferences_General_40x.uasset" 136
"../../../Engine/Content/Tutorial/SubEditors/TutorialAssets/icon_ShowSkeletalMeshes_40x.uasset" 137
"../../../Engine/Content/Tutorial/SubEditors/TutorialAssets/TutorialMaterial.uasset" 138
"../../../Engine/Content/Tutorial/SubEditors/TutorialAssets/T_SmokeSubUV_8X8.uasset" 139
"../../../Engine/Content/Tutorial/SubEditors/TutorialAssets/T_soft_smoke.uasset" 140
"../../../Engine/Content/Tutorial/SubEditors/TutorialAssets/M_smoke_subUV_blackbody.uasset" 141
"../../../Engine/Content/Tutorial/SubEditors/TutorialAssets/TutorialParticleSystem.uasset" 142
"../../../Engine/Content/EditorMeshes/EditorCube.uasset" 143
"../../../Engine/Content/Tutorial/SubEditors/TutorialAssets/Tutorial_DM.uasset" 144
"../../../Engine/Content/VREditor/Devices/Generic/GenericHMDMaterial.uasset" 145
"../../../Engine/Content/VREditor/Devices/Generic/GenericHMD.uasset" 146
"../../../Engine/Content/VREditor/FloatingText/LineMaterial.uasset" 147
"../../../Engine/Content/VREditor/FloatingText/JointSphere.uasset" 148
"../../../Engine/Content/VREditor/FloatingText/LineSegmentCylinder.uasset" 149
"../../../Engine/Content/VREditor/Fonts/VRText_RobotoLarge.uasset" 150
"../../../Engine/Content/VREditor/Fonts/VRTextMaterial.uasset" 151
"../../../Engine/Content/VREditor/Fonts/TranslucentVRTextMaterial.uasset" 152
"../../../Engine/Content/VREditor/LaserPointer/VR_LaserPower_01.uasset" 153
"../../../Engine/Content/VREditor/LaserPointer/LaserPointerMaterial.uasset" 154
"../../../Engine/Content/VREditor/LaserPointer/LaserPointerMaterialInst.uasset" 155
"../../../Engine/Content/VREditor/LaserPointer/TranslucentLaserPointerMaterialInst.uasset" 156
"../../../Engine/Content/VREditor/LaserPointer/LaserPointerMesh.uasset" 157
"../../../Engine/Content/VREditor/Sounds/VR_grab_Cue.uasset" 158
"../../../Engine/Content/VREditor/Sounds/VR_teleport_Cue.uasset" 159
"../../../Engine/Content/VREditor/TransformGizmo/TransformGizmoMaterial.uasset" 160
"../../../Engine/Content/VREditor/TransformGizmo/TranslucentTransformGizmoMaterial.uasset" 161
"../../../Engine/Content/VREditor/TransformGizmo/BoundingBoxCorner.uasset" 162
"../../../Engine/Content/VREditor/TransformGizmo/BoundingBoxEdge.uasset" 163
"../../../Engine/Content/VREditor/TransformGizmo/PlaneTranslationHandle.uasset" 164
"../../../Engine/Content/VREditor/TransformGizmo/RotationHandle.uasset" 165
"../../../Engine/Content/VREditor/TransformGizmo/RotationHandleFull.uasset" 166
"../../../Engine/Content/VREditor/TransformGizmo/StretchingHandle.uasset" 167
"../../../Engine/Content/VREditor/TransformGizmo/TranslateHandleLong.uasset" 168
"../../../Engine/Content/VREditor/TransformGizmo/TranslationHandle.uasset" 169
"../../../Engine/Content/VREditor/TransformGizmo/UniformScaleHandle.uasset" 170
"../../../Engine/Content/VREditor/UI/CloseButtonMesh.uasset" 171
"../../../Engine/Content/VREditor/UI/SelectionBarMesh.uasset" 172
"../../../Engine/Content/Functions/Engine_MaterialFunctions01/Gradient/RadialGradient.uasset" 173
"../../../Engine/Content/VREditor/WorldMovementGrid/SimpleGrid.uasset" 174
"../../../Engine/Content/VREditor/WorldMovementGrid/GridMaterial.uasset" 175
"../../../Engine/Content/Functions/Engine_MaterialFunctions01/Density/ExponentialDensity.uasset" 176
"../../../Engine/Content/VREditor/WorldMovementGrid/GridPostProcess.uasset" 177
"../../../Engine/Content/EditorLandscapeResources/FlattenHeightMat.uasset" 178
"../../../Engine/Content/VREditor/WorldMovementGrid/PlaneMesh.uasset" 179
"../../../Engine/Plugins/2D/Paper2D/Content/DummySprite.uasset" 180
"../../../Engine/Plugins/2D/Paper2D/Content/DefaultPaperTerrainMaterial.uasset" 181
"../../../Engine/Plugins/2D/Paper2D/Content/DefaultSpriteMaterial.uasset" 182
"../../../Engine/Plugins/2D/Paper2D/Content/MaskedUnlitSpriteMaterial.uasset" 183
"../../../Engine/Plugins/2D/Paper2D/Content/OpaqueUnlitSpriteMaterial.uasset" 184
"../../../Engine/Plugins/2D/Paper2D/Content/PlaceholderTextures/DummySpriteTexture.uasset" 185
"../../../Engine/Content/EditorBlueprintResources/StandardMacros.uasset" 186
"../../../LowPolySpace/Content/Level1/Characters/UI/HostMenuUIA.uasset" 187
"../../../LowPolySpace/Content/Level1/Characters/UI/HostMenuUi.uasset" 188
"../../../LowPolySpace/Content/MainMenu/MainMenuSubWIdget.uasset" 189
"../../../LowPolySpace/Content/MainMenu/MainMenuWidget.uasset" 190
"../../../LowPolySpace/Content/MainMenu/Pawn.uasset" 191
"../../../LowPolySpace/Content/MainMenu/MainMenu.umap" 192
"../../../LowPolySpace/Content/Level1/Creatures/Bear/bear2_1__Skeleton.uasset" 193
"../../../LowPolySpace/Content/Level1/Creatures/Bear/BearAnimation.uasset" 194
"../../../LowPolySpace/Content/Level1/Creatures/Bear/bear2_1__Anim_Armature_Walkcicle.uasset" 195
"../../../LowPolySpace/Content/Level1/Characters/CharacterChar/walk_Skeleton.uasset" 196
"../../../LowPolySpace/Content/Level1/Characters/CharacterChar/Animations/walk_Anim_IDLE.uasset" 197
"../../../LowPolySpace/Content/Level1/Characters/CharacterChar/Animations/walk_Anim_Jump.uasset" 198
"../../../LowPolySpace/Content/Level1/Characters/CharacterChar/Animations/walk_Anim_Punch.uasset" 199
"../../../LowPolySpace/Content/Level1/Characters/CharacterChar/Animations/walk_Anim_Runnnnn.uasset" 200
"../../../LowPolySpace/Content/Level1/Characters/CharacterChar/Animations/walk_Anim_Weapon_1.uasset" 201
"../../../LowPolySpace/Content/Level1/Characters/CharacterChar/LowPolyAnimationGuy.uasset" 202
"../../../LowPolySpace/Content/Level1/Characters/Items.uasset" 203
"../../../LowPolySpace/Content/Level1/Characters/Inventory.uasset" 204
"../../../LowPolySpace/Content/Level1/Characters/OurSaveGame.uasset" 205
"../../../Engine/Content/EditorBlueprintResources/ActorMacros.uasset" 206
"../../../LowPolySpace/Content/lowpolyultimatepack/Materials/MAT_Main.uasset" 207
"../../../LowPolySpace/Content/lowpolyultimatepack/Materials/MATI_Grey.uasset" 208
"../../../LowPolySpace/Content/lowpolyultimatepack/meshes/castle/M_stone-brick.uasset" 209
"../../../LowPolySpace/Content/Level1/Items/Brick/BrickBP.uasset" 210
"../../../LowPolySpace/Content/Level1/Materials/Rock.uasset" 211
"../../../LowPolySpace/Content/Level1/Envoirment/Stones_Icosphere_006.uasset" 212
"../../../LowPolySpace/Content/Level1/Envoirment/Stones_Icosphere_006_DM.uasset" 213
"../../../LowPolySpace/Content/Level1/Envoirment/Stone6.uasset" 214
"../../../LowPolySpace/Content/Level1/Envoirment/Stones_Icosphere_007.uasset" 215
"../../../LowPolySpace/Content/Level1/Envoirment/Stones_Icosphere_007_DM.uasset" 216
"../../../LowPolySpace/Content/Level1/Envoirment/Stone7.uasset" 217
"../../../LowPolySpace/Content/Level1/Envoirment/Stones_Icosphere_008.uasset" 218
"../../../LowPolySpace/Content/Level1/Envoirment/Stones_Icosphere_008_DM.uasset" 219
"../../../LowPolySpace/Content/Level1/Envoirment/Stone8.uasset" 220
"../../../LowPolySpace/Content/Level1/Characters/IsItem.uasset" 221
"../../../LowPolySpace/Content/Level1/Characters/ItemPickUp.uasset" 222
"../../../LowPolySpace/Content/Level1/Items/Log/WoodLight.uasset" 223
"../../../LowPolySpace/Content/Level1/Materials/Wood.uasset" 224
"../../../LowPolySpace/Content/Level1/Items/Log/Log.uasset" 225
"../../../LowPolySpace/Content/Level1/Items/Log/LogBP.uasset" 226
"../../../LowPolySpace/Content/Level1/Materials/Bark.uasset" 227
"../../../Engine/Content/Functions/Engine_MaterialFunctions01/WorldPositionOffset/SimpleGrassWind.uasset" 228
"../../../LowPolySpace/Content/Level1/Materials/Leaves.uasset" 229
"../../../LowPolySpace/Content/Level1/Envoirment/TreeWithNoCollision.uasset" 230
"../../../LowPolySpace/Content/Level1/Envoirment/TreeFelled.uasset" 231
"../../../LowPolySpace/Content/Level1/Items/Campfire/Wood_001.uasset" 232
"../../../LowPolySpace/Content/Level1/Items/Knife/Metal.uasset" 233
"../../../LowPolySpace/Content/Level1/Items/Axe/Axe.uasset" 234
"../../../LowPolySpace/Content/Level1/Items/Axe/AxeBlueprint.uasset" 235
"../../../LowPolySpace/Content/Level1/Items/Brick/BrickWall.uasset" 236
"../../../LowPolySpace/Content/Level1/Items/Campfire/Campfire_v3_Cylinder_007.uasset" 237
"../../../LowPolySpace/Content/Level1/Items/Campfire/Campfire_v3_Cylinder_011.uasset" 238
"../../../LowPolySpace/Content/Level1/Items/Campfire/Campfire_v3_Icosphere_008.uasset" 239
"../../../LowPolySpace/Content/Level1/Items/Campfire/Campfire.uasset" 240
"../../../LowPolySpace/Content/Level1/Items/Knife/RedCloth.uasset" 241
"../../../LowPolySpace/Content/Level1/Items/Knife/start_knife.uasset" 242
"../../../LowPolySpace/Content/Level1/Items/Knife/StartKnife.uasset" 243
"../../../LowPolySpace/Content/Level1/Items/Log/LogStackBP.uasset" 244
"../../../LowPolySpace/Content/Level1/Items/Log/LogWallBP.uasset" 245
"../../../LowPolySpace/Content/Level1/Items/Machete/Machete.uasset" 246
"../../../LowPolySpace/Content/Level1/Items/Machete/MacheteBP.uasset" 247
"../../../LowPolySpace/Content/Level1/Items/Pickaxe/Pickaxe.uasset" 248
"../../../LowPolySpace/Content/Level1/Items/Pickaxe/PickAxeActor.uasset" 249
"../../../LowPolySpace/Content/Level1/Materials/RottenLeaves.uasset" 250
"../../../LowPolySpace/Content/Level1/Items/Shelter/SHELTER_BezierCurve_191.uasset" 251
"../../../LowPolySpace/Content/Level1/Items/Shelter/SHELTER_Cylinder_001.uasset" 252
"../../../LowPolySpace/Content/Level1/Items/Shelter/Shelter.uasset" 253
"../../../LowPolySpace/Content/Level1/Items/Torch/Curve.uasset" 254
"../../../LowPolySpace/Content/Level1/Items/Torch/Fackel.uasset" 255
"../../../LowPolySpace/Content/Level1/Items/Torch/FackelBlueprint.uasset" 256
"../../../LowPolySpace/Content/Level1/SaveGame.uasset" 257
"../../../LowPolySpace/Content/Level1/Characters/UI/Images/PlayerRender.uasset" 258
"../../../LowPolySpace/Content/Level1/Characters/CharacterChar/Materials/Skin.uasset" 259
"../../../LowPolySpace/Content/Level1/Creatures/Bear/BearTeeth.uasset" 260
"../../../LowPolySpace/Content/lowpolyultimatepack/meshes/CACTUS.uasset" 261
"../../../LowPolySpace/Content/FirstPerson/Textures/FirstPersonCrosshair.uasset" 262
"../../../LowPolySpace/Content/Level1/Characters/CharacterChar/Materials/Material_002.uasset" 263
"../../../LowPolySpace/Content/Level1/Items/Machete/Material.uasset" 264
"../../../LowPolySpace/Content/Level1/Characters/CharacterChar/walk.uasset" 265
"../../../LowPolySpace/Content/Level1/Characters/UI/Cross.uasset" 266
"../../../Engine/Content/Functions/Engine_MaterialFunctions02/ExampleContent/Textures/newhplaneHeightMap.uasset" 267
"../../../Engine/Content/Functions/Engine_MaterialFunctions02/Texturing/3dParticleOpacity.uasset" 268
"../../../Engine/Content/Functions/Engine_MaterialFunctions02/ExampleContent/Textures/newhplaneAlphaMap.uasset" 269
"../../../Engine/Content/Functions/Engine_MaterialFunctions02/ExampleContent/Textures/newhplaneLightingMap.uasset" 270
"../../../Engine/Content/Functions/Engine_MaterialFunctions02/ExampleContent/Textures/newhplaneNormalsMap.uasset" 271
"../../../Engine/Content/MapTemplates/Sky/DaylightAmbientCubemap.uasset" 272
"../../../Engine/Content/Functions/Engine_MaterialFunctions02/ExampleContent/3dParticleOpacity_Mat.uasset" 273
"../../../LowPolySpace/Content/Level1/Characters/UI/Images/health_bar.uasset" 274
"../../../LowPolySpace/Content/Level1/Characters/UI/Images/Herz_Icon.uasset" 275
"../../../LowPolySpace/Content/Level1/Characters/UI/Images/Hunger_Bar.uasset" 276
"../../../LowPolySpace/Content/Level1/Characters/UI/Images/Magen_Icon.uasset" 277
"../../../LowPolySpace/Content/Level1/Characters/UI/Images/Thirst_bar.uasset" 278
"../../../LowPolySpace/Content/Level1/Characters/UI/Images/Tropfen_Icon.uasset" 279
"../../../LowPolySpace/Content/Level1/Characters/UI/HPHUNGERTHIRST.uasset" 280
"../../../LowPolySpace/Content/Level1/Characters/UI/Images/PlayerRenderMat.uasset" 281
"../../../LowPolySpace/Content/Level1/Characters/UI/InventoryBar2.uasset" 282
"../../../LowPolySpace/Content/Level1/Characters/UI/InventoryWidget.uasset" 283
"../../../LowPolySpace/Content/Level1/DustMat.uasset" 284
"../../../LowPolySpace/Content/Level1/Dust.uasset" 285
"../../../LowPolySpace/Content/Level1/Envoirment/Trees_Cylinder_008.uasset" 286
"../../../LowPolySpace/Content/Level1/Characters/FirstPersonCharacter.uasset" 287
"../../../LowPolySpace/Content/Level1/Creatures/Bear/BearFur.uasset" 288
"../../../LowPolySpace/Content/Level1/Creatures/Bear/BearMouth.uasset" 289
"../../../LowPolySpace/Content/Level1/Creatures/Bear/BearNose.uasset" 290
"../../../LowPolySpace/Content/Level1/Materials/Fire.uasset" 291
"../../../LowPolySpace/Content/Level1/Creatures/Bear/bear2_1__PhysicsAsset.uasset" 292
"../../../LowPolySpace/Content/Level1/Creatures/Bear/bear2_1_.uasset" 293
"../../../LowPolySpace/Content/Level1/Creatures/Bear/BearBlueprint.uasset" 294
"../../../LowPolySpace/Content/Level1/Characters/GameModeGame.uasset" 295
"../../../Engine/Content/Functions/Engine_MaterialFunctions02/Utility/MakeFloat4.uasset" 296
"../../../LowPolySpace/Content/Level1/Creatures/Butterfly/Material_001.uasset" 297
"../../../LowPolySpace/Content/Level1/Creatures/Butterfly/Material_002.uasset" 298
"../../../LowPolySpace/Content/Level1/Creatures/Butterfly/Schmetterling222222.uasset" 299
"../../../LowPolySpace/Content/Level1/Creatures/Butterfly/Butterfly.uasset" 300
"../../../LowPolySpace/Content/Level1/Creatures/Butterfly/ButterflySpawner.uasset" 301
"../../../LowPolySpace/Content/Level1/Envoirment/Skyline/House.uasset" 302
"../../../LowPolySpace/Content/Level1/Envoirment/Skyline/SkyLine_Arena.uasset" 303
"../../../LowPolySpace/Content/Level1/Envoirment/Skyline/SkyLine_Crane.uasset" 304
"../../../LowPolySpace/Content/Level1/Envoirment/Skyline/Glow.uasset" 305
"../../../LowPolySpace/Content/Level1/Envoirment/Skyline/SkyLine_Cube.uasset" 306
"../../../LowPolySpace/Content/Level1/Envoirment/Skyline/Asphalt.uasset" 307
"../../../LowPolySpace/Content/Level1/Envoirment/Skyline/SkyLine_Cube_001.uasset" 308
"../../../LowPolySpace/Content/Level1/Envoirment/Skyline/SkyLine_Cylinder.uasset" 309
"../../../LowPolySpace/Content/Level1/Envoirment/Skyline/SkyLine_House1_002.uasset" 310
"../../../LowPolySpace/Content/Level1/Envoirment/Skyline/SkyLine_House2.uasset" 311
"../../../LowPolySpace/Content/Level1/Envoirment/Skyline/SkyLine_House3.uasset" 312
"../../../LowPolySpace/Content/Level1/Envoirment/Skyline/SkyLine_House4.uasset" 313
"../../../Engine/Content/Functions/Engine_MaterialFunctions01/ImageAdjustment/CheapContrast_RGB.uasset" 314
"../../../Engine/Content/Functions/Engine_MaterialFunctions02/Texturing/ScreenAlignedPixelToPixelUVs.uasset" 315
"../../../Engine/Content/EngineMaterials/Good64x64TilingNoiseHighFreq.uasset" 316
"../../../Engine/Content/Functions/Engine_MaterialFunctions02/Utility/DitherTemporalAA.uasset" 317
"../../../LowPolySpace/Content/Level1/Materials/Ground.uasset" 318
"../../../LowPolySpace/Content/Level1/Envoirment/Skyline/SkyLine_Plane.uasset" 319
"../../../LowPolySpace/Content/Level1/Envoirment/Skyline/Skyline.uasset" 320
"../../../LowPolySpace/Content/Level1/Items/Raft/Raft_v2_Boden.uasset" 321
"../../../LowPolySpace/Content/Level1/Items/Raft/Raft_v2_Boden_001.uasset" 322
"../../../LowPolySpace/Content/Level1/Items/Raft/Raft_v2_Boden_002.uasset" 323
"../../../LowPolySpace/Content/Level1/Items/Raft/Raft_v2_Boden_003.uasset" 324
"../../../LowPolySpace/Content/Level1/Items/Raft/Raft_v2_Boden_004.uasset" 325
"../../../LowPolySpace/Content/Level1/Items/Raft/Raft_v2_Boden_005.uasset" 326
"../../../LowPolySpace/Content/Level1/Items/Raft/Raft_v2_Boden_006.uasset" 327
"../../../LowPolySpace/Content/Level1/Items/Raft/Raft_v2_Boden_007.uasset" 328
"../../../LowPolySpace/Content/Level1/Items/Raft/Raft_v2_Mast.uasset" 329
"../../../LowPolySpace/Content/Level1/Items/Raft/Raft_v2_Mast_001.uasset" 330
"../../../LowPolySpace/Content/Level1/Materials/Stoff.uasset" 331
"../../../LowPolySpace/Content/Level1/Items/Raft/Raft_v2_Segel.uasset" 332
"../../../LowPolySpace/Content/Level1/Items/Raft/Raft.uasset" 333
"../../../LowPolySpace/Content/Level1/Level1_BuiltData.uasset" 334
"../../../LowPolySpace/Content/Level1/Materials/Water.uasset" 335
"../../../LowPolySpace/Content/Level1/Materials/WaterPostProcess.uasset" 336
"../../../Engine/Content/EngineMaterials/DefaultPhysicalMaterial.uasset" 337
"../../../LowPolySpace/Content/Level1/Envoirment/Crystal.uasset" 338
"../../../LowPolySpace/Content/Level1/Island/Stone.uasset" 339
"../../../LowPolySpace/Content/Level1/Envoirment/Crystal_Icosphere.uasset" 340
"../../../LowPolySpace/Content/Level1/Envoirment/Crystal_Icosphere_001.uasset" 341
"../../../LowPolySpace/Content/Level1/Materials/Snow.uasset" 342
"../../../LowPolySpace/Content/Level1/Envoirment/Stones_Icosphere_003.uasset" 343
"../../../LowPolySpace/Content/Level1/Envoirment/Stones_Icosphere_004.uasset" 344
"../../../LowPolySpace/Content/Level1/Envoirment/Stones_Icosphere_005.uasset" 345
"../../../LowPolySpace/Content/Level1/Island/Field.uasset" 346
"../../../LowPolySpace/Content/Level1/Island/Ice.uasset" 347
"../../../LowPolySpace/Content/Level1/Island/Sand.uasset" 348
"../../../LowPolySpace/Content/Level1/Island/Island_Grid.uasset" 349
"../../../LowPolySpace/Content/Level1/Level1.umap" 350
